  main.cpp
D:\codes\SFML\SFML tutorials\main.cpp(67,80): warning C4227: anachronism used: qualifiers on reference are ignored
D:\codes\SFML\SFML tutorials\main.cpp(82,12): warning C4244: 'argument': conversion from 'time_t' to 'unsigned int', possible loss of data
D:\codes\SFML\SFML tutorials\main.cpp(124,42): warning C4244: 'argument': conversion from 'int' to 'float', possible loss of data
D:\codes\SFML\SFML tutorials\main.cpp(124,28): warning C4244: 'argument': conversion from 'int' to 'float', possible loss of data
D:\codes\SFML\SFML tutorials\main.cpp(130,12): warning C4244: 'argument': conversion from 'time_t' to 'unsigned int', possible loss of data
D:\codes\SFML\SFML tutorials\main.cpp(137,22): warning C4018: '<': signed/unsigned mismatch
D:\codes\SFML\SFML tutorials\main.cpp(158,57): warning C4244: 'argument': conversion from 'int' to 'float', possible loss of data
D:\codes\SFML\SFML tutorials\main.cpp(158,44): warning C4244: 'argument': conversion from 'int' to 'float', possible loss of data
D:\codes\SFML\SFML tutorials\main.cpp(172,79): warning C4244: 'argument': conversion from '_Ty2' to 'float', possible loss of data
          with
          [
              _Ty2=int
          ]
D:\codes\SFML\SFML tutorials\main.cpp(172,58): warning C4244: 'argument': conversion from '_Ty1' to 'float', possible loss of data
          with
          [
              _Ty1=int
          ]
D:\codes\SFML\SFML tutorials\main.cpp(189,33): warning C4244: 'argument': conversion from 'double' to 'unsigned int', possible loss of data
D:\codes\SFML\SFML tutorials\main.cpp(261,67): warning C4244: 'argument': conversion from '_Ty2' to 'float', possible loss of data
          with
          [
              _Ty2=int
          ]
D:\codes\SFML\SFML tutorials\main.cpp(261,40): warning C4244: 'argument': conversion from '_Ty1' to 'float', possible loss of data
          with
          [
              _Ty1=int
          ]
D:\codes\SFML\SFML tutorials\main.cpp(268,64): warning C4244: 'argument': conversion from '_Ty2' to 'float', possible loss of data
          with
          [
              _Ty2=int
          ]
D:\codes\SFML\SFML tutorials\main.cpp(268,38): warning C4244: 'argument': conversion from '_Ty1' to 'float', possible loss of data
          with
          [
              _Ty1=int
          ]
D:\codes\SFML\SFML tutorials\main.cpp(278,61): warning C4244: 'argument': conversion from '_Ty2' to 'float', possible loss of data
          with
          [
              _Ty2=int
          ]
D:\codes\SFML\SFML tutorials\main.cpp(278,36): warning C4244: 'argument': conversion from '_Ty1' to 'float', possible loss of data
          with
          [
              _Ty1=int
          ]
D:\codes\SFML\SFML tutorials\main.cpp(284,64): warning C4244: 'argument': conversion from '_Ty2' to 'float', possible loss of data
          with
          [
              _Ty2=int
          ]
D:\codes\SFML\SFML tutorials\main.cpp(284,38): warning C4244: 'argument': conversion from '_Ty1' to 'float', possible loss of data
          with
          [
              _Ty1=int
          ]
D:\codes\SFML\SFML tutorials\main.cpp(294,33): warning C4353: nonstandard extension used: constant 0 as function expression.  Use '__noop' function intrinsic instead
D:\codes\SFML\SFML tutorials\main.cpp(386,69): warning C4244: 'argument': conversion from '_Ty2' to 'float', possible loss of data
          with
          [
              _Ty2=int
          ]
D:\codes\SFML\SFML tutorials\main.cpp(386,42): warning C4244: 'argument': conversion from '_Ty1' to 'float', possible loss of data
          with
          [
              _Ty1=int
          ]
D:\codes\SFML\SFML tutorials\main.cpp(387,63): warning C4244: 'argument': conversion from '_Ty2' to 'float', possible loss of data
          with
          [
              _Ty2=int
          ]
D:\codes\SFML\SFML tutorials\main.cpp(387,38): warning C4244: 'argument': conversion from '_Ty1' to 'float', possible loss of data
          with
          [
              _Ty1=int
          ]
D:\codes\SFML\SFML tutorials\main.cpp(388,66): warning C4244: 'argument': conversion from '_Ty2' to 'float', possible loss of data
          with
          [
              _Ty2=int
          ]
D:\codes\SFML\SFML tutorials\main.cpp(388,40): warning C4244: 'argument': conversion from '_Ty1' to 'float', possible loss of data
          with
          [
              _Ty1=int
          ]
D:\codes\SFML\SFML tutorials\main.cpp(389,66): warning C4244: 'argument': conversion from '_Ty2' to 'float', possible loss of data
          with
          [
              _Ty2=int
          ]
D:\codes\SFML\SFML tutorials\main.cpp(389,40): warning C4244: 'argument': conversion from '_Ty1' to 'float', possible loss of data
          with
          [
              _Ty1=int
          ]
D:\codes\SFML\SFML tutorials\main.cpp(430,69): warning C4244: 'argument': conversion from '_Ty2' to 'float', possible loss of data
          with
          [
              _Ty2=int
          ]
D:\codes\SFML\SFML tutorials\main.cpp(430,42): warning C4244: 'argument': conversion from '_Ty1' to 'float', possible loss of data
          with
          [
              _Ty1=int
          ]
D:\codes\SFML\SFML tutorials\main.cpp(431,63): warning C4244: 'argument': conversion from '_Ty2' to 'float', possible loss of data
          with
          [
              _Ty2=int
          ]
D:\codes\SFML\SFML tutorials\main.cpp(431,38): warning C4244: 'argument': conversion from '_Ty1' to 'float', possible loss of data
          with
          [
              _Ty1=int
          ]
D:\codes\SFML\SFML tutorials\main.cpp(432,66): warning C4244: 'argument': conversion from '_Ty2' to 'float', possible loss of data
          with
          [
              _Ty2=int
          ]
D:\codes\SFML\SFML tutorials\main.cpp(432,40): warning C4244: 'argument': conversion from '_Ty1' to 'float', possible loss of data
          with
          [
              _Ty1=int
          ]
D:\codes\SFML\SFML tutorials\main.cpp(433,66): warning C4244: 'argument': conversion from '_Ty2' to 'float', possible loss of data
          with
          [
              _Ty2=int
          ]
D:\codes\SFML\SFML tutorials\main.cpp(433,40): warning C4244: 'argument': conversion from '_Ty1' to 'float', possible loss of data
          with
          [
              _Ty1=int
          ]
D:\codes\SFML\SFML tutorials\main.cpp(447,21): warning C4018: '<': signed/unsigned mismatch
D:\codes\SFML\SFML tutorials\main.cpp(554,80): warning C4227: anachronism used: qualifiers on reference are ignored
D:\codes\SFML\SFML tutorials\main.cpp(572,69): warning C4244: 'argument': conversion from 'int' to 'float', possible loss of data
D:\codes\SFML\SFML tutorials\main.cpp(572,39): warning C4244: 'argument': conversion from 'int' to 'float', possible loss of data
D:\codes\SFML\SFML tutorials\main.cpp(711,69): warning C4244: 'argument': conversion from 'int' to 'float', possible loss of data
D:\codes\SFML\SFML tutorials\main.cpp(711,39): warning C4244: 'argument': conversion from 'int' to 'float', possible loss of data
D:\codes\SFML\SFML tutorials\main.cpp(796,68): warning C4244: 'argument': conversion from 'int' to 'float', possible loss of data
D:\codes\SFML\SFML tutorials\main.cpp(796,38): warning C4244: 'argument': conversion from 'int' to 'float', possible loss of data
D:\codes\SFML\SFML tutorials\main.cpp(861,68): warning C4244: 'argument': conversion from 'int' to 'float', possible loss of data
D:\codes\SFML\SFML tutorials\main.cpp(861,38): warning C4244: 'argument': conversion from 'int' to 'float', possible loss of data
D:\codes\SFML\SFML tutorials\main.cpp(869,38): warning C4244: '=': conversion from 'T' to '_Ty1', possible loss of data
          with
          [
              T=float
          ]
          and
          [
              _Ty1=int
          ]
D:\codes\SFML\SFML tutorials\main.cpp(870,39): warning C4244: '=': conversion from 'T' to '_Ty2', possible loss of data
          with
          [
              T=float
          ]
          and
          [
              _Ty2=int
          ]
D:\codes\SFML\SFML tutorials\main.cpp(871,38): warning C4244: '=': conversion from 'T' to '_Ty1', possible loss of data
          with
          [
              T=float
          ]
          and
          [
              _Ty1=int
          ]
D:\codes\SFML\SFML tutorials\main.cpp(872,39): warning C4244: '=': conversion from 'T' to '_Ty2', possible loss of data
          with
          [
              T=float
          ]
          and
          [
              _Ty2=int
          ]
D:\codes\SFML\SFML tutorials\main.cpp(873,43): warning C4244: '=': conversion from 'T' to '_Ty1', possible loss of data
          with
          [
              T=float
          ]
          and
          [
              _Ty1=int
          ]
D:\codes\SFML\SFML tutorials\main.cpp(874,44): warning C4244: '=': conversion from 'T' to '_Ty2', possible loss of data
          with
          [
              T=float
          ]
          and
          [
              _Ty2=int
          ]
D:\codes\SFML\SFML tutorials\main.cpp(919,34): warning C4244: '=': conversion from 'T' to 'int', possible loss of data
          with
          [
              T=float
          ]
D:\codes\SFML\SFML tutorials\main.cpp(920,34): warning C4244: '=': conversion from 'T' to 'int', possible loss of data
          with
          [
              T=float
          ]
D:\codes\SFML\SFML tutorials\main.cpp(977,67): warning C4244: 'argument': conversion from 'int' to 'float', possible loss of data
D:\codes\SFML\SFML tutorials\main.cpp(977,37): warning C4244: 'argument': conversion from 'int' to 'float', possible loss of data
D:\codes\SFML\SFML tutorials\main.cpp(985,29): warning C4244: '=': conversion from 'const T' to 'int', possible loss of data
          with
          [
              T=float
          ]
D:\codes\SFML\SFML tutorials\main.cpp(986,29): warning C4244: '=': conversion from 'const T' to 'int', possible loss of data
          with
          [
              T=float
          ]
D:\codes\SFML\SFML tutorials\main.cpp(1043,46): warning C4244: 'argument': conversion from 'int' to 'float', possible loss of data
D:\codes\SFML\SFML tutorials\main.cpp(1043,29): warning C4244: 'argument': conversion from 'int' to 'float', possible loss of data
D:\codes\SFML\SFML tutorials\main.cpp(1072,30): warning C4244: '=': conversion from 'T' to 'int', possible loss of data
          with
          [
              T=float
          ]
D:\codes\SFML\SFML tutorials\main.cpp(1073,30): warning C4244: '=': conversion from 'T' to 'int', possible loss of data
          with
          [
              T=float
          ]
D:\codes\SFML\SFML tutorials\main.cpp(1074,27): warning C4244: 'argument': conversion from 'int' to 'float', possible loss of data
D:\codes\SFML\SFML tutorials\main.cpp(1074,24): warning C4244: 'argument': conversion from 'int' to 'float', possible loss of data
D:\codes\SFML\SFML tutorials\main.cpp(1088,30): warning C4244: '=': conversion from 'T' to 'int', possible loss of data
          with
          [
              T=float
          ]
D:\codes\SFML\SFML tutorials\main.cpp(1089,30): warning C4244: '=': conversion from 'T' to 'int', possible loss of data
          with
          [
              T=float
          ]
D:\codes\SFML\SFML tutorials\main.cpp(1091,27): warning C4244: 'argument': conversion from 'int' to 'float', possible loss of data
D:\codes\SFML\SFML tutorials\main.cpp(1091,24): warning C4244: 'argument': conversion from 'int' to 'float', possible loss of data
D:\codes\SFML\SFML tutorials\main.cpp(1114,29): warning C4244: '=': conversion from 'T' to 'int', possible loss of data
          with
          [
              T=float
          ]
D:\codes\SFML\SFML tutorials\main.cpp(1115,29): warning C4244: '=': conversion from 'T' to 'int', possible loss of data
          with
          [
              T=float
          ]
D:\codes\SFML\SFML tutorials\main.cpp(1116,27): warning C4244: 'argument': conversion from 'int' to 'float', possible loss of data
D:\codes\SFML\SFML tutorials\main.cpp(1116,24): warning C4244: 'argument': conversion from 'int' to 'float', possible loss of data
D:\codes\SFML\SFML tutorials\main.cpp(1117,12): warning C4244: 'argument': conversion from 'time_t' to 'unsigned int', possible loss of data
D:\codes\SFML\SFML tutorials\main.cpp(1129,60): warning C4244: 'argument': conversion from 'int' to 'float', possible loss of data
D:\codes\SFML\SFML tutorials\main.cpp(1129,44): warning C4244: 'argument': conversion from 'int' to 'float', possible loss of data
  SFML tutorials.vcxproj -> D:\codes\SFML\SFML tutorials\Debug\SFML tutorials.exe
